(1629633295.136000) can0  220#0BA40CA60901
(1629633295.333000) can0  240#06BA0000
(1629633295.333000) can0  200#8BCE8821003A6087
(1629633295.398000) can0  220#0BA30CA60901
(1629633295.595000) can0  200#8BCF8823003A6189
(1629633295.596000) can0  240#06B80000
(1629633295.661000) can0  220#0BA30CA60901
(1629633295.858000) can0  200#8BD38825003A629D
(1629633295.858000) can0  240#06B80000
(1629633295.924000) can0  220#0BA20CA60901
(1629633296.121000) can0  200#8BD58827003A639A
(1629633296.121000) can0  240#06B80000
(1629633296.187000) can0  220#0BA10CA60901
(1629633296.384000) can0  200#8BD78829003A64A2
(1629633296.384000) can0  240#06B80000
(1629633296.449000) can0  220#0BA10CA60901
(1629633296.646000) can0  200#8BDA882B003A6596
(1629633296.647000) can0  240#06B80000
(1629633296.712000) can0  220#0BA00CA60901
(1629633296.909000) can0  200#8BDC882D003A6699
(1629633296.909000) can0  240#06B80000
(1629633296.975000) can0  220#0BA00CA60901
(1629633297.172000) can0  200#8BDF882F003A6793
(1629633297.172000) can0  240#06B80000
(1629633297.238000) can0  220#0B9F0CA60901
(1629633297.435000) can0  200#8BE38830003A6898
(1629633297.435000) can0  240#06BA0000
(1629633297.501000) can0  220#0B9F0CA60901
(1629633297.697000) can0  200#8BE48831003A6987
(1629633297.698000) can0  240#06B80000
(1629633297.763000) can0  220#0B9E0C990901
(1629633297.960000) can0  200#8BE68833003A6A7B
(1629633297.960000) can0  240#06B80000
(1629633298.260000) can0  220#0B9D0C990901
(1629633298.223000) can0  200#8BE98835003A6B5E
(1629633298.223000) can0  240#06B80000
(1629633298.289000) can0  220#0B9D0C990901
(1629633298.486000) can0  200#8BEA8836003A6C59
(1629633298.486000) can0  240#06B80000
(1629633298.552000) can0  220#0B9C0C990901
(1629633298.749000) can0  200#8BED8839003A6D4E
(1629633298.749000) can0  240#06B80000
(1629633298.814000) can0  220#0B9C0C990901
(1629633299.120000) can0  200#8BEF883B003A6E41
(1629633299.770000) can0  220#0B9B0C990901
(1629633299.275000) can0  200#8BF1883B003A6F35
(1629633299.340000) can0  220#0B9B0C990901
(1629633299.537000) can0  200#8BF4883E003A7012
(1629633299.537000) can0  240#06B80000
(1629633299.603000) can0  220#0B9A0C990901
(1629633299.800000) can0  200#8BF7883F003A7105
(1629633299.800000) can0  240#06BA0000
(1629633299.866000) can0  220#0B9A0C990901
(1629633300.630000) can0  200#8BF88841003A71F7
(1629633300.630000) can0  240#06B80000
(1629633300.128000) can0  220#0B990C990901
(1629633300.325000) can0  200#8BFB8842003A72E3
(1629633300.326000) can0  240#06B80000
(1629633300.391000) can0  220#0B990C990901
(1629633300.588000) can0  200#8BFE8843003A73CA
(1629633300.588000) can0  240#06B80000
(1629633300.654000) can0  220#0B980C990901
(1629633300.851000) can0  200#8BFE8845003A74A7
(1629633300.851000) can0  240#06B80000
(1629633300.917000) can0  220#0B980C8E0901
(1629633301.114000) can0  200#8C018846003A7591
(1629633301.114000) can0  240#06B80000
(1629633301.179000) can0  220#0B970C8E0901
(1629633301.376000) can0  200#8C048847003A766D
(1629633301.377000) can0  240#06B80000
(1629633301.442000) can0  220#0B970C8E0901
(1629633301.639000) can0  200#8C068849003A7750
(1629633301.639000) can0  240#06B80000
(1629633301.705000) can0  220#0B960C8E0901
(1629633301.902000) can0  200#8C08884B003A783E
(1629633301.902000) can0  240#06B80000
(1629633301.968000) can0  220#0B960C8E0901
(1629633302.165000) can0  200#8C09884D003A7919
(1629633302.165000) can0  240#06B80000
(1629633302.231000) can0  220#0B950C8E0901
(1629633302.428000) can0  200#8C0C884F003A79FF
(1629633302.428000) can0  240#06B80000
(1629633302.493000) can0  220#0B950C8E0901
(1629633302.690000) can0  200#8C0D8850003A7AE5
(1629633302.690000) can0  240#06B80000
(1629633302.756000) can0  220#0B940C8E0901
(1629633302.953000) can0  200#8C108852003A7BB5
(1629633302.953000) can0  240#06B80000
(1629633303.190000) can0  220#0B940C8E0901
(1629633303.216000) can0  200#8C148852003A7C9D
(1629633303.216000) can0  240#06BA0000
(1629633303.282000) can0  220#0B930C8E0901
(1629633303.479000) can0  200#8C138855003A7D69
(1629633303.479000) can0  240#06B80000
(1629633303.544000) can0  220#0B930C8E0901
(1629633303.741000) can0  200#8C158856003A7E3D
(1629633303.741000) can0  240#06BA0000
(1629633303.807000) can0  220#0B920C8E0901
(1629633304.400000) can0  200#8C178857003A7F22
(1629633304.400000) can0  240#06B80000
(1629633304.700000) can0  220#0B920C840901
(1629633304.267000) can0  200#8C198858003A8000
(1629633304.267000) can0  240#06B80000
(1629633304.333000) can0  220#0B910C840901
(1629633304.530000) can0  200#8C1B885A003A80DB
(1629633304.530000) can0  240#06B80000
(1629633304.595000) can0  220#0B910C840901
(1629633304.792000) can0  200#8C1E885B003A819E
(1629633304.792000) can0  240#06B80000
(1629633304.858000) can0  220#0B900C840901
(1629633305.550000) can0  200#8C1F885D003A827A
(1629633305.550000) can0  240#06B80000
(1629633305.121000) can0  220#0B900C840901
(1629633305.318000) can0  200#8C21885F003A8353
(1629633305.318000) can0  240#06B80000
(1629633305.384000) can0  220#0B8F0C840901
(1629633305.581000) can0  200#8C23885F003A8423
(1629633305.581000) can0  240#06B80000
(1629633305.646000) can0  220#0B8F0C840901
(1629633305.844000) can0  200#8C268862003A84ED
(1629633305.844000) can0  240#06B80000
(1629633305.909000) can0  220#0B8E0C840901
(1629633306.106000) can0  200#8C268864003A85C1
(1629633306.106000) can0  240#06B80000
(1629633306.172000) can0  220#0B8E0C840901
(1629633306.369000) can0  200#8C278864003A8689
(1629633306.369000) can0  240#06B80000
(1629633306.435000) can0  220#0B8D0C840901
(1629633306.632000) can0  200#8C2A8866003A876B
(1629633306.632000) can0  240#06B80000
(1629633306.698000) can0  220#0B8D0C840901
(1629633306.894000) can0  200#8C2C8868003A882C
(1629633306.895000) can0  240#06BA0000
(1629633306.960000) can0  220#0B8C0C840901
(1629633307.157000) can0  200#8C2E8869003A88F0
(1629633307.157000) can0  240#06B80000
(1629633307.223000) can0  220#0B8C0C7A0901
(1629633307.420000) can0  200#8C30886B003A89C4
(1629633307.420000) can0  240#06B80000
(1629633307.486000) can0  220#0B8B0C7A0901
(1629633307.684000) can0  200#8C31886C003A8A86
(1629633307.749000) can0  220#0B8B0C7A0901
(1629633307.945000) can0  200#8C34886E003A8B4A
(1629633307.946000) can0  240#06B80000
(1629633308.110000) can0  220#0B8A0C7A0901
(1629633308.208000) can0  200#8C35886E003A8C19
(1629633308.208000) can0  240#06B80000
(1629633308.274000) can0  220#0B8A0C7A0901
(1629633308.471000) can0  200#8C368870003A8CE3
(1629633308.471000) can0  240#06B80000
(1629633308.537000) can0  220#0B8A0C7A0901
(1629633308.734000) can0  200#8C388872003A8DA1
(1629633308.734000) can0  240#06B80000
(1629633308.800000) can0  220#0B890C7A0901
(1629633308.997000) can0  200#8C3A8873003A8E71
(1629633308.997000) can0  240#06B80000
(1629633309.620000) can0  220#0B890C7A0901
(1629633309.259000) can0  200#8C3C8874003A8F1D
(1629633309.260000) can0  240#06B80000
(1629633309.325000) can0  220#0B880C7A0901
(1629633309.522000) can0  200#8C3D8877003A8FF3
(1629633309.522000) can0  240#06B80000
(1629633309.588000) can0  220#0B880C7A0901
(1629633309.785000) can0  200#8C3E8878003A90B1
(1629633309.785000) can0  240#06B80000
(1629633309.851000) can0  220#0B870C7A0901
(1629633310.480000) can0  200#8C418878003A9165
(1629633310.480000) can0  240#06B80000
(1629633310.114000) can0  220#0B870C7A0901
(1629633310.311000) can0  200#8C42887A003A9225
(1629633310.311000) can0  240#06B80000
(1629633310.376000) can0  220#0B870C710901
(1629633310.573000) can0  200#8C43887B003A92DF
(1629633310.573000) can0  240#06B80000
(1629633310.639000) can0  220#0B860C710901
(1629633310.836000) can0  200#8C45887C003A93A7
(1629633310.836000) can0  240#06B80000
(1629633310.902000) can0  220#0B860C710901
(1629633311.990000) can0  200#8C47887E003A9460
(1629633311.990000) can0  240#06B80000
(1629633311.165000) can0  220#0B850C710901
(1629633311.362000) can0  200#8C49887F003A9513
(1629633311.362000) can0  240#06BA0000
(1629633311.428000) can0  220#0B850C710901
(1629633311.625000) can0  200#8C4A8881003A95D2
(1629633311.625000) can0  240#06BA0000
(1629633311.690000) can0  220#0B840C710901
(1629633311.887000) can0  200#8C4B8883003A969C
(1629633311.888000) can0  240#06BA0000
(1629633311.953000) can0  220#0B840C710901
(1629633312.150000) can0  200#8C4D8884003A973E
(1629633312.150000) can0  240#06BA0000
(1629633312.216000) can0  220#0B840C710901
(1629633312.413000) can0  200#8C4E8887003A9803
(1629633312.413000) can0  240#06BA0000
(1629633312.479000) can0  220#0B830C710901
(1629633312.676000) can0  200#8C518888003A98B5
(1629633312.676000) can0  240#06BA0000
(1629633312.742000) can0  220#0B830C710901
(1629633312.938000) can0  200#8C528889003A996A
(1629633312.939000) can0  240#06BA0000
(1629633313.130000) can0  220#0B820C710901
(1629633313.201000) can0  200#8C538889003A9A27
(1629633313.201000) can0  240#06BA0000
(1629633313.267000) can0  220#0B820C710901
(1629633313.466000) can0  200#8C54888C003A9AD3
(1629633313.467000) can0  240#06B80000
(1629633313.530000) can0  220#0B810C680901
(1629633313.727000) can0  200#8C54888D003A9B76
(1629633313.727000) can0  240#06BA0000
(1629633313.793000) can0  220#0B810C680901
(1629633313.990000) can0  200#8C57888E003A9C3C
(1629633313.990000) can0  240#06BA0000
(1629633314.550000) can0  220#0B810C680901
(1629633314.252000) can0  200#8C58888F003A9CE6
(1629633314.252000) can0  240#06BA0000
(1629633314.318000) can0  220#0B800C680901
(1629633314.515000) can0  200#8C5A8891003A9D8D
(1629633314.515000) can0  240#06BA0000
(1629633314.581000) can0  220#0B800C680901
(1629633314.778000) can0  200#8C5C8892003A9E53
(1629633314.778000) can0  240#06B80000
(1629633314.844000) can0  220#0B7F0C680901
(1629633315.410000) can0  200#8C5C8895003A9EF9
(1629633315.410000) can0  240#06BA0000
(1629633315.106000) can0  220#0B7F0C680901
(1629633315.303000) can0  200#8C5F8896003A9FA1
(1629633315.304000) can0  240#06BA0000
(1629633315.370000) can0  220#0B7F0C680901
(1629633315.566000) can0  200#8C5F8898003AA044
(1629633315.566000) can0  240#06B80000
(1629633315.632000) can0  220#0B7E0C680901
(1629633315.829000) can0  200#8C608897003AA0EC
(1629633315.829000) can0  240#06BA0000
(1629633315.895000) can0  220#0B7E0C680901
(1629633316.920000) can0  200#8C62889B003AA196
(1629633316.920000) can0  240#06BA0000
(1629633316.158000) can0  220#0B7E0C680901
(1629633316.355000) can0  200#8C64889B003AA24D
(1629633316.355000) can0  240#06BA0000
(1629633316.420000) can0  220#0B7D0C680901
(1629633316.617000) can0  200#8C64889C003AA2F7
(1629633316.618000) can0  240#06BA0000
(1629633316.683000) can0  220#0B7D0C630901
(1629633316.881000) can0  200#8C66889E003AA395
(1629633316.882000) can0  240#06BA0000
(1629633316.947000) can0  220#0B7C0C630901
(1629633317.143000) can0  200#8C6788A0003AA433
(1629633317.143000) can0  240#06B80000
(1629633317.209000) can0  220#0B7C0C630901
(1629633317.406000) can0  200#8C6988A1003AA4E3
(1629633317.406000) can0  240#06BA0000
(1629633317.472000) can0  220#0B7B0C630901
(1629633317.669000) can0  200#8C6B88A2003AA587
(1629633317.669000) can0  240#06BA0000
(1629633317.734000) can0  220#0B7B0C630901
(1629633317.931000) can0  200#8C6B88A4003AA62E
(1629633317.931000) can0  240#06B80000
(1629633317.997000) can0  220#0B7B0C5F0901
(1629633318.194000) can0  200#8C6E88A5003AA6CF
(1629633318.195000) can0  240#06B80000
(1629633318.260000) can0  220#0B7A0C5F0901
(1629633318.457000) can0  200#8C6E88A8003AA77D
(1629633318.457000) can0  240#06BA0000
(1629633318.523000) can0  220#0B7A0C5F0901
(1629633318.721000) can0  200#8C7088A8003AA815
(1629633318.721000) can0  240#06BA0000
(1629633318.785000) can0  220#0B7A0C5F0901
(1629633318.982000) can0  200#8C7088AA003AA8BA
(1629633318.983000) can0  240#06BA0000
(1629633319.480000) can0  220#0B790C5F0901
(1629633319.245000) can0  200#8C7288AA003AA94A
(1629633319.246000) can0  240#06B80000
(1629633319.311000) can0  220#0B790C5F0901
(1629633319.508000) can0  200#8C7488AC003AA9EB
(1629633319.508000) can0  240#06BA0000
(1629633319.574000) can0  220#0B780C5F0901
(1629633319.771000) can0  200#8C7588AF003AAA85
(1629633319.771000) can0  240#06BA0000
(1629633319.836000) can0  220#0B780C5E0901
(1629633320.330000) can0  200#8C7588AF003AAB2B
(1629633320.340000) can0  240#06BA0000
(1629633320.990000) can0  220#0B780C5E0901
(1629633320.296000) can0  200#8C7788B1003AABC3
(1629633320.296000) can0  240#06BA0000
(1629633320.362000) can0  220#0B770C5E0901
(1629633320.559000) can0  200#8C7888B2003AAC5A
(1629633320.559000) can0  240#06BA0000
(1629633320.625000) can0  220#0B770C5E0901
(1629633320.822000) can0  200#8C7988B4003AACF3
(1629633320.822000) can0  240#06BA0000
(1629633320.888000) can0  220#0B760C5E0901
(1629633321.850000) can0  200#8C7B88B6003AAD9B
(1629633321.850000) can0  240#06B80000
(1629633321.150000) can0  220#0B760C580901
(1629633321.347000) can0  200#8C7C88B7003AAE32
(1629633321.348000) can0  240#06BA0000
(1629633321.413000) can0  220#0B760C580901
(1629633321.610000) can0  240#06BA0000
(1629633321.610000) can0  200#8C7C88B9003AAEBA
(1629633321.676000) can0  220#0B750C580901
(1629633321.873000) can0  200#8C7D88BA003AAF55
(1629633321.873000) can0  240#06BA0000
(1629633321.939000) can0  220#0B750C580901
(1629633322.137000) can0  200#8C7E88BC003AAFEC
(1629633322.137000) can0  240#06BA0000
(1629633322.201000) can0  220#0B750C580901
(1629633322.398000) can0  200#8C7F88BD003AB084
(1629633322.399000) can0  240#06B80000
(1629633322.464000) can0  220#0B740C580901
(1629633322.661000) can0  240#06BA0000
(1629633322.662000) can0  200#8C8288BE003AB112
(1629633322.727000) can0  220#0B740C580901
(1629633322.924000) can0  240#06BA0000
(1629633322.925000) can0  200#8C8288BF003AB1B3
(1629633322.990000) can0  220#0B730C580901
(1629633323.187000) can0  200#8C8388C1003AB230
(1629633323.187000) can0  240#06B80000
(1629633323.253000) can0  220#0B730C580901
(1629633323.450000) can0  200#8C8488C2003AB2C2
(1629633323.450000) can0  240#06B80000
(1629633323.515000) can0  220#0B720C580901
(1629633323.712000) can0  200#8C8588C4003AB364
(1629633323.713000) can0  240#06BA0000
(1629633323.778000) can0  220#0B720C580901
(1629633323.975000) can0  200#8C8788C5003AB3E7
(1629633323.976000) can0  240#06BA0000
(1629633324.410000) can0  220#0B720C580901
(1629633324.238000) can0  200#8C8788C7003AB47D
(1629633324.238000) can0  240#06BA0000
(1629633324.304000) can0  220#0B710C530901
(1629633324.501000) can0  200#8C8988C8003AB506
(1629633324.501000) can0  240#06BA0000
(1629633324.567000) can0  220#0B710C530901
(1629633324.764000) can0  200#8C8988CA003AB59C
(1629633324.764000) can0  240#06B80000
(1629633324.829000) can0  220#0B710C530901
(1629633325.260000) can0  200#8C8B88CC003AB628
(1629633325.260000) can0  240#06B80000
(1629633325.920000) can0  220#0B700C530901
(1629633325.289000) can0  200#8C8B88CC003AB6BE
(1629633325.289000) can0  240#06BA0000