(1629633295.136000) can0  220#9A193045331B4045001045
(1629633295.170000) can0  682#FB7C2AC3
(1629633295.170000) can0  562#FB7C2AC3
(1629633295.172000) can0  642#756A1342
(1629633295.173000) can0  522#13738442
(1629633295.270000) can0  682#FB7C2AC3
(1629633295.270000) can0  562#FB7C2AC3
(1629633295.272000) can0  642#F4F1342
(1629633295.273000) can0  522#CE608442
(1629633295.333000) can0  240#3353C2440000
(1629633295.333000) can0  200#00B4700847080694A
(1629633295.370000) can0  562#FB7C2AC3
(1629633295.370000) can0  682#FB7C2AC3
(1629633295.372000) can0  642#B97C1342
(1629633295.373000) can0  522#357C8442
(1629633295.398000) can0  220#9A193045331B4045001045
(1629633295.469000) can0  682#FB7C2AC3
(1629633295.470000) can0  562#FB7C2AC3
(1629633295.471000) can0  642#31581342
(1629633295.472000) can0  522#AC578442
(1629633295.569000) can0  682#FB7C2AC3
(1629633295.569000) can0  562#FB7C2AC3
(1629633295.571000) can0  642#756A1342
(1629633295.572000) can0  522#68458442
(1629633295.595000) can0  200#00B4700847084694A
(1629633295.596000) can0  240#CD4CC2440000
(1629633295.661000) can0  220#9A193045331B4045001045
(1629633295.669000) can0  682#FB7C2AC3
(1629633295.669000) can0  562#FB7C2AC3
(1629633295.671000) can0  642#20981342
(1629633295.672000) can0  522#932E8442
(1629633295.769000) can0  682#FB7C2AC3
(1629633295.769000) can0  562#FB7C2AC3
(1629633295.771000) can0  642#53611342
(1629633295.772000) can0  522#B5378442
(1629633295.858000) can0  200#00B4700847088694A
(1629633295.858000) can0  240#CD4CC2440000
(1629633295.869000) can0  682#FB7C2AC3
(1629633295.869000) can0  562#FB7C2AC3
(1629633295.871000) can0  642#F4F1342
(1629633295.872000) can0  522#BE178442
(1629633295.924000) can0  220#9A193045331B4045001045
(1629633295.969000) can0  682#FB7C2AC3
(1629633295.969000) can0  562#FB7C2AC3
(1629633295.971000) can0  642#53611342
(1629633295.972000) can0  522#2D138442
(1629633296.680000) can0  682#FB7C2AC3
(1629633296.690000) can0  562#FB7C2AC3
(1629633296.700000) can0  642#756A1342
(1629633296.710000) can0  522#BE178442
(1629633296.121000) can0  200#00B470084708C694A
(1629633296.121000) can0  240#CD4CC2440000
(1629633296.168000) can0  682#FB7C2AC3
(1629633296.168000) can0  562#FB7C2AC3
(1629633296.170000) can0  642#31581342
(1629633296.171000) can0  522#2D138442
(1629633296.187000) can0  220#9A193045331B4045001045
(1629633296.268000) can0  682#FB7C2AC3
(1629633296.268000) can0  562#FB7C2AC3
(1629633296.270000) can0  642#F4F1342
(1629633296.271000) can0  522#35F38342
(1629633296.368000) can0  682#FB7C2AC3
(1629633296.368000) can0  562#FB7C2AC3
(1629633296.370000) can0  642#97731342
(1629633296.371000) can0  522#F1E08342
(1629633296.384000) can0  200#00B4700847090694A
(1629633296.384000) can0  240#CD4CC2440000
(1629633296.449000) can0  220#9A193045331B4045001045
(1629633296.470000) can0  642#F4F1342
(1629633296.471000) can0  522#60DC8342
(1629633296.568000) can0  682#FB7C2AC3
(1629633296.568000) can0  562#FB7C2AC3
(1629633296.570000) can0  642#31581342
(1629633296.571000) can0  522#60DC8342
(1629633296.646000) can0  200#00B4700847094694A
(1629633296.647000) can0  240#CD4CC2440000
(1629633296.667000) can0  682#FB7C2AC3
(1629633296.668000) can0  562#FB7C2AC3
(1629633296.671000) can0  522#ADCE8342
(1629633296.712000) can0  220#9A193045331B4045001045
(1629633296.767000) can0  682#FB7C2AC3
(1629633296.767000) can0  562#FB7C2AC3
(1629633296.771000) can0  642#97731342
(1629633296.867000) can0  682#FB7C2AC3
(1629633296.867000) can0  562#FB7C2AC3
(1629633296.869000) can0  642#756A1342
(1629633296.870000) can0  522#B5AE8342
(1629633296.909000) can0  200#00B4700847098694A
(1629633296.909000) can0  240#CD4CC2440000
(1629633296.967000) can0  682#FB7C2AC3
(1629633296.967000) can0  562#FB7C2AC3
(1629633296.969000) can0  642#F4F1342
(1629633296.970000) can0  522#24AA8342
(1629633296.975000) can0  220#9A193045331B4045001045
(1629633297.670000) can0  682#FB7C2AC3
(1629633297.670000) can0  562#FB7C2AC3
(1629633297.690000) can0  642#97731342
(1629633297.700000) can0  522#BE8E8342
(1629633297.167000) can0  682#FB7C2AC3
(1629633297.167000) can0  562#FB7C2AC3
(1629633297.169000) can0  642#CB3C1342
(1629633297.170000) can0  522#4F938342
(1629633297.172000) can0  200#00B470084709C694A
(1629633297.172000) can0  240#CD4CC2440000
(1629633297.238000) can0  220#9A193045331B4045001045
(1629633297.267000) can0  682#FB7C2AC3
(1629633297.267000) can0  562#FB7C2AC3
(1629633297.269000) can0  642#97731342
(1629633297.270000) can0  522#58738342
(1629633297.366000) can0  682#FB7C2AC3
(1629633297.366000) can0  562#FB7C2AC3
(1629633297.368000) can0  642#53611342
(1629633297.369000) can0  522#C76E8342
(1629633297.435000) can0  200#00B47008470A0694A
(1629633297.435000) can0  240#3353C2440000
(1629633297.466000) can0  682#FB7C2AC3
(1629633297.466000) can0  562#FB7C2AC3
(1629633297.468000) can0  642#ED451342
(1629633297.470000) can0  522#C76E8342
(1629633297.501000) can0  220#9A193045331B4045001045
(1629633297.566000) can0  682#FB7C2AC3
(1629633297.566000) can0  562#FB7C2AC3
(1629633297.569000) can0  642#97731342
(1629633297.569000) can0  522#A5658342
(1629633297.666000) can0  682#FB7C2AC3
(1629633297.666000) can0  562#FB7C2AC3
(1629633297.668000) can0  642#31581342
(1629633297.670000) can0  522#60538342
(1629633297.697000) can0  200#00B47008470A4694A
(1629633297.698000) can0  240#CD4CC2440000
(1629633297.763000) can0  220#9A1930450184045001045
(1629633297.766000) can0  682#FB7C2AC3
(1629633297.766000) can0  562#FB7C2AC3
(1629633297.768000) can0  642#F4F1342
(1629633297.769000) can0  522#60538342
(1629633297.866000) can0  682#FB7C2AC3
(1629633297.866000) can0  562#FB7C2AC3
(1629633297.868000) can0  642#756A1342
(1629633297.869000) can0  522#AD458342
(1629633297.960000) can0  200#00B47008470A8694A
(1629633297.960000) can0  240#CD4CC2440000
(1629633297.965000) can0  682#FB7C2AC3
(1629633297.966000) can0  562#FB7C2AC3
(1629633297.967000) can0  642#DC851342
(1629633297.969000) can0  522#69338342
(1629633298.260000) can0  220#9A1930450184045001045
(1629633298.650000) can0  682#FB7C2AC3
(1629633298.650000) can0  562#FB7C2AC3
(1629633298.670000) can0  642#53611342
(1629633298.680000) can0  522#FA378342
(1629633298.165000) can0  682#FB7C2AC3
(1629633298.165000) can0  562#FB7C2AC3
(1629633298.167000) can0  642#FE8E1342
(1629633298.168000) can0  522#FA378342
(1629633298.223000) can0  200#00B47008470AC694A
(1629633298.223000) can0  240#CD4CC2440000
(1629633298.265000) can0  682#FB7C2AC3
(1629633298.265000) can0  562#FB7C2AC3
(1629633298.267000) can0  642#53611342
(1629633298.268000) can0  522#25218342
(1629633298.289000) can0  220#9A1930450184045001045
(1629633298.365000) can0  682#FB7C2AC3
(1629633298.365000) can0  562#FB7C2AC3
(1629633298.367000) can0  642#53611342
(1629633298.368000) can0  522#25218342
(1629633298.465000) can0  562#FB7C2AC3
(1629633298.465000) can0  682#FB7C2AC3
(1629633298.467000) can0  642#DC851342
(1629633298.468000) can0  522#7AF38242
(1629633298.486000) can0  200#00B47008470B0694A
(1629633298.486000) can0  240#CD4CC2440000
(1629633298.552000) can0  220#9A1930450184045001045
(1629633298.564000) can0  682#FB7C2AC3
(1629633298.565000) can0  562#FB7C2AC3
(1629633298.566000) can0  642#756A1342
(1629633298.567000) can0  522#9CFC8242
(1629633298.664000) can0  682#FB7C2AC3
(1629633298.664000) can0  562#FB7C2AC3
(1629633298.666000) can0  642#B97C1342
(1629633298.667000) can0  522#9CFC8242
(1629633298.749000) can0  200#00B47008470B4694A
(1629633298.749000) can0  240#CD4CC2440000
(1629633298.764000) can0  682#FB7C2AC3
(1629633298.764000) can0  562#FB7C2AC3
(1629633298.766000) can0  642#FE8E1342
(1629633298.767000) can0  522#C7E58242
(1629633298.814000) can0  220#9A1930450184045001045
(1629633298.864000) can0  682#FB7C2AC3
(1629633298.864000) can0  562#FB7C2AC3
(1629633298.866000) can0  642#97731342
(1629633298.867000) can0  522#61CA8242
(1629633298.964000) can0  562#FB7C2AC3
(1629633298.964000) can0  682#FB7C2AC3
(1629633298.966000) can0  642#20981342
(1629633298.967000) can0  522#A5DC8242
(1629633299.120000) can0  200#00B47008470B8694A
(1629633299.640000) can0  682#FB7C2AC3
(1629633299.640000) can0  562#FB7C2AC3
(1629633299.660000) can0  642#FE8E1342
(1629633299.670000) can0  522#D0C58242
(1629633299.770000) can0  220#9A1930450184045001045
(1629633299.163000) can0  682#FB7C2AC3
(1629633299.164000) can0  562#FB7C2AC3
(1629633299.165000) can0  642#53611342
(1629633299.167000) can0  522#83D38242
(1629633299.263000) can0  682#FB7C2AC3
(1629633299.263000) can0  562#FB7C2AC3
(1629633299.265000) can0  642#53611342
(1629633299.266000) can0  522#3FC18242
(1629633299.275000) can0  200#00B47008470BC694A
(1629633299.340000) can0  220#9A1930450184045001045
(1629633299.363000) can0  682#FB7C2AC3
(1629633299.363000) can0  562#FB7C2AC3
(1629633299.365000) can0  642#F4F1342
(1629633299.366000) can0  522#FBAE8242
(1629633299.463000) can0  682#FB7C2AC3
(1629633299.463000) can0  562#FB7C2AC3
(1629633299.465000) can0  642#DC851342
(1629633299.466000) can0  522#D8A58242
(1629633299.537000) can0  200#00B47008470C0694A
(1629633299.537000) can0  240#CD4CC2440000
(1629633299.563000) can0  682#FB7C2AC3
(1629633299.563000) can0  562#FB7C2AC3
(1629633299.565000) can0  642#B97C1342
(1629633299.567000) can0  522#728A8242
(1629633299.603000) can0  220#01830450184045001045
(1629633299.663000) can0  682#FB7C2AC3
(1629633299.663000) can0  562#FB7C2AC3
(1629633299.665000) can0  642#42A11342
(1629633299.666000) can0  522#25988242
(1629633299.763000) can0  682#FB7C2AC3
(1629633299.763000) can0  562#FB7C2AC3
(1629633299.765000) can0  642#B97C1342
(1629633299.766000) can0  522#E1858242
(1629633299.800000) can0  200#00B47008470C4694A
(1629633299.800000) can0  240#3353C2440000
(1629633299.862000) can0  682#FB7C2AC3
(1629633299.863000) can0  562#FB7C2AC3
(1629633299.864000) can0  642#DC851342
(1629633299.866000) can0  522#728A8242
(1629633299.866000) can0  220#01830450184045001045
(1629633299.962000) can0  682#FB7C2AC3
(1629633299.962000) can0  562#FB7C2AC3
(1629633299.964000) can0  642#64AA1342
(1629633299.965000) can0  522#BF7C8242
(1629633300.630000) can0  200#00B47008470C4694A
(1629633300.630000) can0  240#CD4CC2440000
(1629633300.650000) can0  642#42A11342
(1629633300.650000) can0  522#728A8242
(1629633300.128000) can0  220#01830450184045001045
(1629633300.162000) can0  682#FB7C2AC3
(1629633300.162000) can0  562#FB7C2AC3
(1629633300.165000) can0  522#37588242
(1629633300.262000) can0  682#FB7C2AC3
(1629633300.262000) can0  562#FB7C2AC3
(1629633300.265000) can0  642#42A11342
(1629633300.265000) can0  522#37588242
(1629633300.325000) can0  200#00B47008470C8694A
(1629633300.326000) can0  240#CD4CC2440000
(1629633300.362000) can0  682#FB7C2AC3
(1629633300.362000) can0  562#FB7C2AC3
(1629633300.364000) can0  642#B97C1342
(1629633300.391000) can0  220#01830450184045001045
(1629633300.461000) can0  682#FB7C2AC3
(1629633300.462000) can0  562#FB7C2AC3
(1629633300.463000) can0  642#FE8E1342
(1629633300.466000) can0  522#A6538242
(1629633300.561000) can0  682#FB7C2AC3
(1629633300.561000) can0  562#FB7C2AC3
(1629633300.563000) can0  642#97731342
(1629633300.564000) can0  522#144F8242
(1629633300.588000) can0  200#00B47008470CC694A
(1629633300.588000) can0  240#CD4CC2440000
(1629633300.654000) can0  220#01830450184045001045
(1629633300.661000) can0  682#FB7C2AC3
(1629633300.661000) can0  562#FB7C2AC3
(1629633300.663000) can0  642#97731342
(1629633300.664000) can0  522#6A218242
(1629633300.761000) can0  682#FB7C2AC3
(1629633300.761000) can0  562#FB7C2AC3
(1629633300.763000) can0  642#53611342
(1629633300.764000) can0  522#8C2A8242
(1629633300.851000) can0  200#00B47008470D0694A
(1629633300.851000) can0  240#CD4CC2440000
(1629633300.861000) can0  682#FB7C2AC3
(1629633300.861000) can0  562#FB7C2AC3
(1629633300.863000) can0  642#B97C1342
(1629633300.864000) can0  522#6A218242
(1629633300.917000) can0  220#018304566164045001045
(1629633300.961000) can0  682#FB7C2AC3
(1629633300.961000) can0  562#FB7C2AC3
(1629633300.963000) can0  642#756A1342
(1629633300.964000) can0  522#8C2A8242
(1629633301.600000) can0  682#FB7C2AC3
(1629633301.610000) can0  562#FB7C2AC3
(1629633301.620000) can0  642#FE8E1342
(1629633301.640000) can0  522#48188242
(1629633301.114000) can0  200#00C47008470D4694A
(1629633301.114000) can0  240#CD4CC2440000
(1629633301.160000) can0  682#FB7C2AC3
(1629633301.160000) can0  562#FB7C2AC3
(1629633301.162000) can0  642#FE8E1342
(1629633301.163000) can0  522#FB258242
(1629633301.179000) can0  220#018304566164045001045
(1629633301.260000) can0  682#FB7C2AC3
(1629633301.260000) can0  562#FB7C2AC3
(1629633301.262000) can0  642#97731342
(1629633301.263000) can0  522#E2FC8142
(1629633301.360000) can0  682#FB7C2AC3
(1629633301.360000) can0  562#FB7C2AC3
(1629633301.362000) can0  642#DC851342
(1629633301.363000) can0  522#CE68142
(1629633301.376000) can0  200#00C47008470D8694A
(1629633301.377000) can0  240#CD4CC2440000
(1629633301.442000) can0  220#018304566164045001045
(1629633301.460000) can0  682#FB7C2AC3
(1629633301.460000) can0  562#FB7C2AC3
(1629633301.462000) can0  642#42A11342
(1629633301.463000) can0  522#7BE18142
(1629633301.560000) can0  682#FB7C2AC3
(1629633301.560000) can0  562#FB7C2AC3
(1629633301.562000) can0  642#A8BC1342
(1629633301.563000) can0  522#CE68142
(1629633301.639000) can0  200#00C47008470DC694A
(1629633301.639000) can0  240#CD4CC2440000
(1629633301.660000) can0  682#FB7C2AC3
(1629633301.660000) can0  562#FB7C2AC3
(1629633301.662000) can0  642#756A1342
(1629633301.663000) can0  522#EADC8142
(1629633301.705000) can0  220#018304566164045001045
(1629633301.759000) can0  682#FB7C2AC3
(1629633301.759000) can0  562#FB7C2AC3
(1629633301.761000) can0  642#97731342
(1629633301.762000) can0  522#59D88142
(1629633301.859000) can0  682#FB7C2AC3
(1629633301.859000) can0  562#FB7C2AC3
(1629633301.861000) can0  642#FE8E1342
(1629633301.862000) can0  522#A6CA8142
(1629633301.902000) can0  200#00C47008470E0694A
(1629633301.902000) can0  240#CD4CC2440000
(1629633301.959000) can0  682#FB7C2AC3
(1629633301.959000) can0  562#FB7C2AC3
(1629633301.961000) can0  642#20981342
(1629633301.962000) can0  522#D1B38142
(1629633301.968000) can0  220#018304566164045001045
(1629633302.590000) can0  682#FB7C2AC3
(1629633302.590000) can0  562#FB7C2AC3
(1629633302.610000) can0  642#B97C1342
(1629633302.620000) can0  522#40AF8142
(1629633302.159000) can0  682#FB7C2AC3
(1629633302.159000) can0  562#FB7C2AC3
(1629633302.161000) can0  642#DC851342
(1629633302.162000) can0  522#F3BC8142
(1629633302.165000) can0  200#00C47008470E4694A
(1629633302.165000) can0  240#CD4CC2440000
(1629633302.231000) can0  220#018304566164045001045
(1629633302.259000) can0  682#FB7C2AC3
(1629633302.259000) can0  562#FB7C2AC3
(1629633302.261000) can0  642#FE8E1342
(1629633302.262000) can0  522#40AF8142
(1629633302.358000) can0  682#FB7C2AC3
(1629633302.359000) can0  562#FB7C2AC3
(1629633302.360000) can0  642#53611342
(1629633302.361000) can0  522#AFAA8142
(1629633302.428000) can0  200#00C47008470E4694A
(1629633302.428000) can0  240#CD4CC2440000
(1629633302.458000) can0  682#FB7C2AC3
(1629633302.458000) can0  562#FB7C2AC3
(1629633302.460000) can0  642#FE8E1342
(1629633302.461000) can0  522#488F8142
(1629633302.493000) can0  220#018304566164045001045
(1629633302.558000) can0  682#FB7C2AC3
(1629633302.558000) can0  562#FB7C2AC3
(1629633302.560000) can0  642#DC851342
(1629633302.561000) can0  522#95818142
(1629633302.658000) can0  682#FB7C2AC3
(1629633302.658000) can0  562#FB7C2AC3
(1629633302.660000) can0  642#FE8E1342
(1629633302.661000) can0  522#95818142
(1629633302.690000) can0  200#00C47008470E8694A
(1629633302.690000) can0  240#CD4CC2440000
(1629633302.756000) can0  220#018304566164045001045
(1629633302.758000) can0  682#FB7C2AC3
(1629633302.758000) can0  562#FB7C2AC3
(1629633302.760000) can0  642#FE8E1342
(1629633302.761000) can0  522#E2738142
(1629633302.858000) can0  682#FB7C2AC3
(1629633302.858000) can0  562#FB7C2AC3
(1629633302.860000) can0  642#64AA1342
(1629633302.861000) can0  522#C06A8142
(1629633302.953000) can0  200#00C47008470EC694A
(1629633302.953000) can0  240#CD4CC2440000
(1629633302.957000) can0  682#FB7C2AC3
(1629633302.958000) can0  562#FB7C2AC3
(1629633302.959000) can0  642#DC851342
(1629633302.961000) can0  522#D5D8142
(1629633303.190000) can0  220#018304566164045001045
(1629633303.570000) can0  682#FB7C2AC3
(1629633303.580000) can0  562#FB7C2AC3
(1629633303.590000) can0  642#B97C1342
(1629633303.600000) can0  522#9E618142
(1629633303.157000) can0  682#FB7C2AC3
(1629633303.157000) can0  562#FB7C2AC3
(1629633303.159000) can0  642#FE8E1342
(1629633303.160000) can0  522#C06A8142
(1629633303.216000) can0  200#00C47008470F0694A
(1629633303.216000) can0  240#3353C2440000
(1629633303.257000) can0  682#FB7C2AC3
(1629633303.257000) can0  562#FB7C2AC3
(1629633303.259000) can0  642#B97C1342
(1629633303.260000) can0  522#5A4F8142
(1629633303.282000) can0  220#018304566164045001045
(1629633303.357000) can0  682#FB7C2AC3
(1629633303.357000) can0  562#FB7C2AC3
(1629633303.359000) can0  642#86B31342
(1629633303.360000) can0  522#F3338142
(1629633303.457000) can0  682#FB7C2AC3
(1629633303.457000) can0  562#FB7C2AC3
(1629633303.459000) can0  642#97731342
(1629633303.460000) can0  522#622F8142
(1629633303.479000) can0  200#00C47008470F4694A
(1629633303.479000) can0  240#CD4CC2440000
(1629633303.544000) can0  220#018304566164045001045
(1629633303.558000) can0  682#FB7C2AC3
(1629633303.558000) can0  562#FB7C2AC3
(1629633303.559000) can0  642#DC851342
(1629633303.560000) can0  522#622F8142
(1629633303.656000) can0  682#FB7C2AC3
(1629633303.657000) can0  562#FB7C2AC3
(1629633303.658000) can0  642#FE8E1342
(1629633303.660000) can0  522#8D188142
(1629633303.741000) can0  200#00C47008470F8694A
(1629633303.741000) can0  240#3353C2440000
(1629633303.756000) can0  682#FB7C2AC3
(1629633303.756000) can0  562#FB7C2AC3
(1629633303.758000) can0  642#DC851342
(1629633303.759000) can0  522#F3338142
(1629633303.807000) can0  220#018304566164045001045
(1629633303.856000) can0  682#FB7C2AC3
(1629633303.856000) can0  562#FB7C2AC3
(1629633303.858000) can0  642#42A11342
(1629633303.859000) can0  522#1E1D8142
(1629633303.956000) can0  682#FB7C2AC3
(1629633303.956000) can0  562#FB7C2AC3
(1629633303.958000) can0  642#42A11342
(1629633303.959000) can0  522#DAA8142
(1629633304.400000) can0  200#00C47008470FC694A
(1629633304.400000) can0  240#CD4CC2440000
(1629633304.560000) can0  682#FB7C2AC3
(1629633304.560000) can0  562#FB7C2AC3
(1629633304.580000) can0  642#86B31342
(1629633304.590000) can0  522#8D188142
(1629633304.700000) can0  220#0183045CD144045001045
(1629633304.156000) can0  682#FB7C2AC3
(1629633304.156000) can0  562#FB7C2AC3
(1629633304.158000) can0  642#B97C1342
(1629633304.159000) can0  522#27FD8042
(1629633304.255000) can0  682#FB7C2AC3
(1629633304.255000) can0  562#FB7C2AC3
(1629633304.257000) can0  642#756A1342
(1629633304.258000) can0  522#73EF8042
(1629633304.267000) can0  200#00C4700847006A4A
(1629633304.267000) can0  240#CD4CC2440000
(1629633304.333000) can0  220#0183045CD144045001045
(1629633304.355000) can0  682#FB7C2AC3
(1629633304.355000) can0  562#FB7C2AC3
(1629633304.357000) can0  642#B97C1342
(1629633304.358000) can0  522#96F88042
(1629633304.455000) can0  682#FB7C2AC3
(1629633304.455000) can0  562#FB7C2AC3
(1629633304.457000) can0  642#B97C1342
(1629633304.458000) can0  522#73EF8042
(1629633304.530000) can0  200#00C4700847006A4A
(1629633304.530000) can0  240#CD4CC2440000
(1629633304.555000) can0  682#FB7C2AC3
(1629633304.555000) can0  562#FB7C2AC3
(1629633304.557000) can0  642#20981342
(1629633304.558000) can0  522#E2EA8042
(1629633304.595000) can0  220#0183045CD144045001045
(1629633304.655000) can0  682#FB7C2AC3
(1629633304.655000) can0  562#FB7C2AC3
(1629633304.657000) can0  642#756A1342
(1629633304.658000) can0  522#2FDD8042
(1629633304.755000) can0  682#FB7C2AC3
(1629633304.755000) can0  562#FB7C2AC3
(1629633304.757000) can0  642#64AA1342
(1629633304.758000) can0  522#9ED88042
(1629633304.792000) can0  200#00C4700847046A4A
(1629633304.792000) can0  240#CD4CC2440000
(1629633304.854000) can0  682#FB7C2AC3
(1629633304.854000) can0  562#FB7C2AC3
(1629633304.856000) can0  642#20981342
(1629633304.857000) can0  522#7CCF8042
(1629633304.858000) can0  220#66163045CD144045001045
(1629633304.954000) can0  682#FB7C2AC3
(1629633304.954000) can0  562#FB7C2AC3
(1629633304.956000) can0  642#64AA1342
(1629633304.957000) can0  522#38BD8042
(1629633305.540000) can0  682#FB7C2AC3
(1629633305.540000) can0  562#FB7C2AC3
(1629633305.550000) can0  200#00C4700847086A4A
(1629633305.550000) can0  240#CD4CC2440000
(1629633305.560000) can0  642#20981342
(1629633305.570000) can0  522#2FDD8042
(1629633305.121000) can0  220#66163045CD144045001045
(1629633305.154000) can0  682#FB7C2AC3
(1629633305.154000) can0  562#FB7C2AC3
(1629633305.156000) can0  642#FE8E1342
(1629633305.157000) can0  522#38BD8042
(1629633305.254000) can0  682#FB7C2AC3
(1629633305.254000) can0  562#FB7C2AC3
(1629633305.256000) can0  642#FE8E1342
(1629633305.266000) can0  522#F4AA8042
(1629633305.318000) can0  200#00C47008470C6A4A
(1629633305.318000) can0  240#CD4CC2440000
(1629633305.354000) can0  562#FB7C2AC3
(1629633305.354000) can0  682#FB7C2AC3
(1629633305.356000) can0  642#42A11342
(1629633305.357000) can0  522#419D8042
(1629633305.384000) can0  220#66163045CD144045001045
(1629633305.454000) can0  682#FB7C2AC3
(1629633305.454000) can0  562#FB7C2AC3
(1629633305.456000) can0  642#B97C1342
(1629633305.457000) can0  522#419D8042
(1629633305.553000) can0  682#FB7C2AC3
(1629633305.554000) can0  562#FB7C2AC3
(1629633305.555000) can0  642#20981342
(1629633305.557000) can0  522#419D8042
(1629633305.581000) can0  200#00C47008470106A4A
(1629633305.581000) can0  240#CD4CC2440000
(1629633305.646000) can0  220#66163045CD144045001045
(1629633305.653000) can0  682#FB7C2AC3
(1629633305.653000) can0  562#FB7C2AC3
(1629633305.655000) can0  642#FE8E1342
(1629633305.656000) can0  522#DA818042
(1629633305.753000) can0  682#FB7C2AC3
(1629633305.753000) can0  562#FB7C2AC3
(1629633305.755000) can0  642#97731342
(1629633305.756000) can0  522#497D8042
(1629633305.844000) can0  200#00C47008470106A4A
(1629633305.844000) can0  240#CD4CC2440000
(1629633305.853000) can0  682#FB7C2AC3
(1629633305.853000) can0  562#FB7C2AC3
(1629633305.855000) can0  642#20981342
(1629633305.856000) can0  522#FC8A8042
(1629633305.909000) can0  220#66163045CD144045001045
(1629633305.953000) can0  682#FB7C2AC3
(1629633305.953000) can0  562#FB7C2AC3
(1629633305.956000) can0  642#86B31342
(1629633305.956000) can0  522#497D8042
(1629633306.530000) can0  682#FB7C2AC3
(1629633306.530000) can0  562#FB7C2AC3
(1629633306.550000) can0  642#FE8E1342
(1629633306.560000) can0  522#966F8042
(1629633306.106000) can0  200#00C47008470146A4A
(1629633306.106000) can0  240#CD4CC2440000
(1629633306.152000) can0  682#FB7C2AC3
(1629633306.153000) can0  562#FB7C2AC3
(1629633306.154000) can0  642#A8BC1342
(1629633306.155000) can0  522#56B8042
(1629633306.172000) can0  220#66163045CD144045001045
(1629633306.252000) can0  682#FB7C2AC3
(1629633306.252000) can0  562#FB7C2AC3
(1629633306.254000) can0  642#64AA1342
(1629633306.255000) can0  522#E4B8042
(1629633306.352000) can0  562#FB7C2AC3
(1629633306.352000) can0  682#FB7C2AC3
(1629633306.354000) can0  642#20981342
(1629633306.355000) can0  522#74668042
(1629633306.369000) can0  200#00C47008470186A4A
(1629633306.369000) can0  240#CD4CC2440000
(1629633306.435000) can0  220#66163045CD144045001045
(1629633306.452000) can0  682#FB7C2AC3
(1629633306.452000) can0  562#FB7C2AC3
(1629633306.454000) can0  642#A8BC1342
(1629633306.455000) can0  522#C1588042
(1629633306.552000) can0  682#FB7C2AC3
(1629633306.552000) can0  562#FB7C2AC3
(1629633306.554000) can0  642#20981342
(1629633306.555000) can0  522#C9388042
(1629633306.632000) can0  200#00C470084701C6A4A
(1629633306.632000) can0  240#CD4CC2440000
(1629633306.652000) can0  682#FB7C2AC3
(1629633306.652000) can0  562#FB7C2AC3
(1629633306.654000) can0  642#42A11342
(1629633306.655000) can0  522#E4B8042
(1629633306.698000) can0  220#66163045CD144045001045
(1629633306.751000) can0  682#FB7C2AC3
(1629633306.752000) can0  562#FB7C2AC3
(1629633306.755000) can0  642#DC851342
(1629633306.755000) can0  522#5A3D8042
(1629633306.851000) can0  682#FB7C2AC3
(1629633306.851000) can0  562#FB7C2AC3
(1629633306.853000) can0  642#86B31342
(1629633306.855000) can0  522#162B8042
(1629633306.894000) can0  200#00C47008470206A4A
(1629633306.895000) can0  240#3353C2440000
(1629633306.951000) can0  682#FB7C2AC3
(1629633306.951000) can0  562#FB7C2AC3
(1629633306.953000) can0  642#64AA1342
(1629633306.954000) can0  522#38348042
(1629633306.960000) can0  220#66163045CD144045001045
(1629633307.510000) can0  682#FB7C2AC3
(1629633307.510000) can0  562#FB7C2AC3
(1629633307.530000) can0  642#64AA1342
(1629633307.540000) can0  522#B0F8042
(1629633307.151000) can0  682#FB7C2AC3
(1629633307.151000) can0  562#FB7C2AC3
(1629633307.153000) can0  642#42A11342
(1629633307.154000) can0  522#B0F8042
(1629633307.157000) can0  200#00C47008470206A4A
(1629633307.157000) can0  240#CD4CC2440000
(1629633307.223000) can0  220#6616304533134045001045
(1629633307.251000) can0  682#FB7C2AC3
(1629633307.251000) can0  562#FB7C2AC3
(1629633307.253000) can0  642#A8BC1342
(1629633307.254000) can0  522#C9388042
(1629633307.350000) can0  682#FB7C2AC3
(1629633307.351000) can0  562#FB7C2AC3
(1629633307.352000) can0  642#20981342
(1629633307.354000) can0  522#D2188042
(1629633307.420000) can0  200#00C47008470246A4A
(1629633307.420000) can0  240#CD4CC2440000
(1629633307.451000) can0  562#FB7C2AC3
(1629633307.451000) can0  682#FB7C2AC3
(1629633307.452000) can0  642#A8BC1342
(1629633307.453000) can0  522#F4218042
(1629633307.486000) can0  220#6616304533134045001045
(1629633307.550000) can0  682#FB7C2AC3
(1629633307.550000) can0  562#FB7C2AC3
(1629633307.553000) can0  642#64AA1342
(1629633307.553000) can0  522#FD18042
(1629633307.650000) can0  682#FB7C2AC3
(1629633307.650000) can0  562#FB7C2AC3
(1629633307.652000) can0  642#ECCE1342
(1629633307.653000) can0  522#D7FA7F42
(1629633307.684000) can0  200#00C47008470286A4A
(1629633307.749000) can0  220#6616304533134045001045
(1629633307.750000) can0  682#FB7C2AC3
(1629633307.750000) can0  562#FB7C2AC3
(1629633307.752000) can0  642#42A11342
(1629633307.850000) can0  562#FB7C2AC3
(1629633307.850000) can0  682#FB7C2AC3
(1629633307.852000) can0  642#64AA1342
(1629633307.853000) can0  522#1FB8042
(1629633307.945000) can0  200#00C470084702C6A4A
(1629633307.946000) can0  240#CD4CC2440000
(1629633307.950000) can0  682#FB7C2AC3
(1629633307.950000) can0  562#FB7C2AC3
(1629633307.952000) can0  642#42A11342
(1629633307.953000) can0  522#4FD67F42
(1629633308.110000) can0  220#6616304533134045001045
(1629633308.490000) can0  562#FB7C2AC3
(1629633308.500000) can0  682#FB7C2AC3
(1629633308.510000) can0  642#42A11342
(1629633308.530000) can0  522#2DCD7F42
(1629633308.149000) can0  682#FB7C2AC3
(1629633308.149000) can0  562#FB7C2AC3
(1629633308.151000) can0  642#42A11342
(1629633308.152000) can0  522#2DCD7F42
(1629633308.208000) can0  200#00C47008470306A4A
(1629633308.208000) can0  240#CD4CC2440000
(1629633308.249000) can0  682#FB7C2AC3
(1629633308.249000) can0  562#FB7C2AC3
(1629633308.251000) can0  642#A8BC1342
(1629633308.252000) can0  522#3E8D7F42
(1629633308.274000) can0  220#6616304533134045001045
(1629633308.349000) can0  682#FB7C2AC3
(1629633308.349000) can0  562#FB7C2AC3
(1629633308.351000) can0  642#64AA1342
(1629633308.352000) can0  522#829F7F42
(1629633308.449000) can0  682#FB7C2AC3
(1629633308.449000) can0  562#FB7C2AC3
(1629633308.451000) can0  642#20981342
(1629633308.452000) can0  522#3E8D7F42
(1629633308.471000) can0  200#00C47008470306A4A
(1629633308.471000) can0  240#CD4CC2440000
(1629633308.537000) can0  220#6616304533134045001045
(1629633308.549000) can0  682#FB7C2AC3
(1629633308.549000) can0  562#FB7C2AC3
(1629633308.551000) can0  642#64AA1342
(1629633308.552000) can0  522#4F4D7F42
(1629633308.648000) can0  682#FB7C2AC3
(1629633308.649000) can0  562#FB7C2AC3
(1629633308.650000) can0  642#42A11342
(1629633308.651000) can0  522#3E8D7F42
(1629633308.734000) can0  200#00C47008470346A4A
(1629633308.734000) can0  240#CD4CC2440000
(1629633308.748000) can0  682#FB7C2AC3
(1629633308.748000) can0  562#FB7C2AC3
(1629633308.750000) can0  642#20981342
(1629633308.751000) can0  522#72567F42
(1629633308.800000) can0  220#6616304533134045001045
(1629633308.848000) can0  682#FB7C2AC3
(1629633308.848000) can0  562#FB7C2AC3
(1629633308.850000) can0  642#CAC51342
(1629633308.851000) can0  522#2D447F42
(1629633308.948000) can0  682#FB7C2AC3
(1629633308.948000) can0  562#FB7C2AC3
(1629633308.950000) can0  642#42A11342
(1629633308.951000) can0  522#4F4D7F42
(1629633308.997000) can0  200#00C47008470386A4A
(1629633308.997000) can0  240#CD4CC2440000
(1629633309.480000) can0  562#FB7C2AC3
(1629633309.480000) can0  682#FB7C2AC3
(1629633309.500000) can0  642#FE8E1342
(1629633309.510000) can0  522#E9317F42
(1629633309.620000) can0  220#6616304533134045001045
(1629633309.148000) can0  562#FB7C2AC3
(1629633309.148000) can0  682#FB7C2AC3
(1629633309.150000) can0  642#86B31342
(1629633309.151000) can0  522#A51F7F42
(1629633309.248000) can0  682#FB7C2AC3
(1629633309.248000) can0  562#FB7C2AC3
(1629633309.249000) can0  642#FE8E1342
(1629633309.251000) can0  522#B3B7F42
(1629633309.259000) can0  200#00C470084703C6A4A
(1629633309.260000) can0  240#CD4CC2440000
(1629633309.325000) can0  220#6616304533134045001045
(1629633309.347000) can0  682#FB7C2AC3
(1629633309.347000) can0  562#FB7C2AC3
(1629633309.349000) can0  642#20981342
(1629633309.350000) can0  522#B3B7F42
(1629633309.447000) can0  682#FB7C2AC3
(1629633309.447000) can0  562#FB7C2AC3
(1629633309.450000) can0  642#42A11342
(1629633309.450000) can0  522#61D7F42
(1629633309.522000) can0  200#00C470084703C6A4A
(1629633309.522000) can0  240#CD4CC2440000
(1629633309.547000) can0  682#FB7C2AC3
(1629633309.547000) can0  562#FB7C2AC3
(1629633309.549000) can0  642#CAC51342
(1629633309.550000) can0  522#1DFB7E42
(1629633309.588000) can0  220#6616304533134045001045
(1629633309.647000) can0  682#FB7C2AC3
(1629633309.647000) can0  562#FB7C2AC3
(1629633309.649000) can0  642#20981342
(1629633309.650000) can0  522#1DFB7E42
(1629633309.747000) can0  562#FB7C2AC3
(1629633309.747000) can0  682#FB7C2AC3
(1629633309.749000) can0  642#20981342
(1629633309.750000) can0  522#FAF17E42
(1629633309.785000) can0  200#00C47008470406A4A
(1629633309.785000) can0  240#CD4CC2440000
(1629633309.847000) can0  682#FB7C2AC3
(1629633309.847000) can0  562#FB7C2AC3
(1629633309.849000) can0  642#86B31342
(1629633309.850000) can0  522#FAF17E42
(1629633309.851000) can0  220#6616304533134045001045
(1629633309.946000) can0  682#FB7C2AC3
(1629633309.946000) can0  562#FB7C2AC3
(1629633309.948000) can0  642#A8BC1342
(1629633309.949000) can0  522#B6DF7E42
(1629633310.460000) can0  682#FB7C2AC3
(1629633310.460000) can0  562#FB7C2AC3
(1629633310.480000) can0  200#00C47008470446A4A
(1629633310.480000) can0  240#CD4CC2440000
(1629633310.480000) can0  642#64AA1342
(1629633310.490000) can0  522#50C47E42
(1629633310.114000) can0  220#6616304533134045001045
(1629633310.146000) can0  682#FB7C2AC3
(1629633310.146000) can0  562#FB7C2AC3
(1629633310.148000) can0  642#42A11342
(1629633310.149000) can0  522#94D67E42
(1629633310.246000) can0  682#FB7C2AC3
(1629633310.246000) can0  562#FB7C2AC3
(1629633310.248000) can0  642#42A11342
(1629633310.249000) can0  522#EAA87E42
(1629633310.311000) can0  200#00C47008470486A4A
(1629633310.311000) can0  240#CD4CC2440000
(1629633310.346000) can0  562#FB7C2AC3
(1629633310.346000) can0  682#FB7C2AC3
(1629633310.348000) can0  642#A8BC1342
(1629633310.349000) can0  522#2EBB7E42
(1629633310.376000) can0  220#661630459A114045001045
(1629633310.446000) can0  682#FB7C2AC3
(1629633310.446000) can0  562#FB7C2AC3
(1629633310.448000) can0  642#86B31342
(1629633310.449000) can0  522#EAA87E42
(1629633310.545000) can0  682#FB7C2AC3
(1629633310.545000) can0  562#FB7C2AC3
(1629633310.547000) can0  642#A8BC1342
(1629633310.548000) can0  522#3F7B7E42
(1629633310.573000) can0  200#00C47008470486A4A
(1629633310.573000) can0  240#CD4CC2440000
(1629633310.639000) can0  220#CD1430459A114045001045
(1629633310.645000) can0  682#FB7C2AC3
(1629633310.645000) can0  562#FB7C2AC3
(1629633310.647000) can0  642#42A11342
(1629633310.648000) can0  522#838D7E42
(1629633310.745000) can0  682#FB7C2AC3
(1629633310.745000) can0  562#FB7C2AC3
(1629633310.747000) can0  642#CAC51342
(1629633310.748000) can0  522#1D727E42
(1629633310.836000) can0  200#00C470084704C6A4A
(1629633310.836000) can0  240#CD4CC2440000
(1629633310.845000) can0  682#FB7C2AC3
(1629633310.845000) can0  562#FB7C2AC3
(1629633310.847000) can0  642#86B31342
(1629633310.848000) can0  522#B7567E42
(1629633310.902000) can0  220#CD1430459A114045001045
(1629633310.945000) can0  562#FB7C2AC3
(1629633310.945000) can0  682#FB7C2AC3
(1629633310.947000) can0  642#64AA1342
(1629633310.948000) can0  522#D95F7E42
(1629633311.450000) can0  682#FB7C2AC3
(1629633311.450000) can0  562#FB7C2AC3
(1629633311.470000) can0  642#42A11342
(1629633311.480000) can0  522#61847E42
(1629633311.990000) can0  200#00C47008470506A4A
(1629633311.990000) can0  240#CD4CC2440000
(1629633311.145000) can0  682#FB7C2AC3
(1629633311.145000) can0  562#FB7C2AC3
(1629633311.147000) can0  642#CAC51342
(1629633311.148000) can0  522#954D7E42
(1629633311.165000) can0  220#CD1430459A114045001045
(1629633311.244000) can0  682#FB7C2AC3
(1629633311.245000) can0  562#FB7C2AC3
(1629633311.246000) can0  642#ECCE1342
(1629633311.247000) can0  522#2E327E42
(1629633311.344000) can0  682#FB7C2AC3
(1629633311.344000) can0  562#FB7C2AC3
(1629633311.346000) can0  642#ECCE1342
(1629633311.347000) can0  522#72447E42
(1629633311.362000) can0  200#00C47008470546A4A
(1629633311.362000) can0  240#3353C2440000
(1629633311.428000) can0  220#CD1430459A114045001045
(1629633311.444000) can0  562#FB7C2AC3
(1629633311.444000) can0  682#FB7C2AC3
(1629633311.446000) can0  642#B97C1342
(1629633311.447000) can0  522#C297E42
(1629633311.545000) can0  682#FB7C2AC3
(1629633311.546000) can0  642#31E11342
(1629633311.547000) can0  522#A6D7E42
(1629633311.625000) can0  200#00C47008470546A4A
(1629633311.625000) can0  240#3353C2440000
(1629633311.644000) can0  682#FB7C2AC3
(1629633311.644000) can0  562#FB7C2AC3
(1629633311.646000) can0  642#A8BC1342
(1629633311.647000) can0  522#FBDF7D42
(1629633311.690000) can0  220#CD1430459A114045001045
(1629633311.744000) can0  682#FB7C2AC3
(1629633311.744000) can0  562#FB7C2AC3
(1629633311.746000) can0  642#64AA1342
(1629633311.747000) can0  522#FBDF7D42
(1629633311.843000) can0  682#FB7C2AC3
(1629633311.844000) can0  562#FB7C2AC3
(1629633311.845000) can0  642#CAC51342
(1629633311.847000) can0  522#40F27D42
(1629633311.887000) can0  200#00C47008470586A4A
(1629633311.888000) can0  240#3353C2440000
(1629633311.944000) can0  682#FB7C2AC3
(1629633311.944000) can0  562#FB7C2AC3
(1629633311.945000) can0  642#CAC51342
(1629633311.946000) can0  522#1DE97D42
(1629633311.953000) can0  220#CD1430459A114045001045
(1629633312.430000) can0  682#FB7C2AC3
(1629633312.430000) can0  562#FB7C2AC3
(1629633312.450000) can0  642#53EA1342
(1629633312.460000) can0  522#40F27D42
(1629633312.143000) can0  682#FB7C2AC3
(1629633312.143000) can0  562#FB7C2AC3
(1629633312.145000) can0  642#ECCE1342
(1629633312.146000) can0  522#D9D67D42
(1629633312.150000) can0  200#00C470084705C6A4A
(1629633312.150000) can0  240#3353C2440000
(1629633312.216000) can0  220#CD1430459A114045001045
(1629633312.243000) can0  682#FB7C2AC3
(1629633312.243000) can0  562#FB7C2AC3
(1629633312.245000) can0  642#CAC51342
(1629633312.246000) can0  522#95C47D42
(1629633312.343000) can0  562#FB7C2AC3
(1629633312.343000) can0  682#FB7C2AC3
(1629633312.345000) can0  642#A8BC1342
(1629633312.346000) can0  522#51B27D42
(1629633312.413000) can0  200#00C47008470606A4A
(1629633312.413000) can0  240#3353C2440000
(1629633312.442000) can0  682#FB7C2AC3
(1629633312.443000) can0  562#FB7C2AC3
(1629633312.444000) can0  642#86B31342
(1629633312.445000) can0  522#51B27D42
(1629633312.479000) can0  220#CD1430459A114045001045
(1629633312.542000) can0  562#FB7C2AC3
(1629633312.542000) can0  682#FB7C2AC3
(1629633312.544000) can0  642#A8BC1342
(1629633312.545000) can0  522#EA967D42
(1629633312.642000) can0  682#FB7C2AC3
(1629633312.642000) can0  562#FB7C2AC3
(1629633312.644000) can0  642#20981342
(1629633312.646000) can0  522#DA07D42
(1629633312.676000) can0  200#00C47008470606A4A
(1629633312.676000) can0  240#3353C2440000
(1629633312.742000) can0  220#CD1430459A114045001045
(1629633312.742000) can0  682#FB7C2AC3
(1629633312.743000) can0  562#FB7C2AC3
(1629633312.744000) can0  642#53EA1342
(1629633312.746000) can0  522#EA967D42
(1629633312.842000) can0  682#FB7C2AC3
(1629633312.843000) can0  562#FB7C2AC3
(1629633312.844000) can0  642#86B31342
(1629633312.845000) can0  522#1E607D42
(1629633312.938000) can0  200#00C47008470646A4A
(1629633312.939000) can0  240#3353C2440000
(1629633312.942000) can0  682#FB7C2AC3
(1629633312.942000) can0  562#FB7C2AC3
(1629633312.944000) can0  642#FD81342
(1629633312.945000) can0  522#EA967D42
(1629633313.130000) can0  220#CD1430459A114045001045
(1629633313.420000) can0  682#FB7C2AC3
(1629633313.420000) can0  562#FB7C2AC3
(1629633313.440000) can0  642#A8BC1342
(1629633313.450000) can0  522#40697D42
(1629633313.141000) can0  682#FB7C2AC3
(1629633313.142000) can0  562#FB7C2AC3
(1629633313.143000) can0  642#86B31342
(1629633313.144000) can0  522#FC567D42
(1629633313.201000) can0  200#00C47008470686A4A
(1629633313.201000) can0  240#3353C2440000
(1629633313.241000) can0  682#FB7C2AC3
(1629633313.241000) can0  562#FB7C2AC3
(1629633313.243000) can0  642#20981342
(1629633313.244000) can0  522#FC567D42
(1629633313.267000) can0  220#CD1430459A114045001045
(1629633313.341000) can0  682#FB7C2AC3
(1629633313.342000) can0  562#FB7C2AC3
(1629633313.343000) can0  642#CAC51342
(1629633313.344000) can0  522#2F207D42
(1629633313.441000) can0  562#FB7C2AC3
(1629633313.441000) can0  682#FB7C2AC3
(1629633313.443000) can0  642#75F31342
(1629633313.444000) can0  522#1E607D42
(1629633313.466000) can0  200#00C47008470686A4A
(1629633313.467000) can0  240#CD4CC2440000
(1629633313.530000) can0  220#CD1430450104045001045
(1629633313.541000) can0  682#FB7C2AC3
(1629633313.541000) can0  562#FB7C2AC3
(1629633313.543000) can0  642#CAC51342
(1629633313.544000) can0  522#73327D42
(1629633313.641000) can0  682#FB7C2AC3
(1629633313.641000) can0  562#FB7C2AC3
(1629633313.643000) can0  642#CAC51342
(1629633313.644000) can0  522#DA4D7D42
(1629633313.727000) can0  200#00C470084706C6A4A
(1629633313.727000) can0  240#3353C2440000
(1629633313.741000) can0  682#FB7C2AC3
(1629633313.741000) can0  562#FB7C2AC3
(1629633313.742000) can0  642#A8BC1342
(1629633313.743000) can0  522#C947D42
(1629633313.793000) can0  220#CD1430450104045001045
(1629633313.841000) can0  682#FB7C2AC3
(1629633313.841000) can0  562#FB7C2AC3
(1629633313.842000) can0  642#86B31342
(1629633313.843000) can0  522#A7FB7C42
(1629633313.940000) can0  562#FB7C2AC3
(1629633313.941000) can0  682#FB7C2AC3
(1629633313.942000) can0  642#FD81342
(1629633313.943000) can0  522#63E97C42
(1629633313.990000) can0  200#00C47008470706A4A
(1629633313.990000) can0  240#3353C2440000
(1629633314.400000) can0  682#FB7C2AC3
(1629633314.410000) can0  562#FB7C2AC3
(1629633314.420000) can0  642#42A11342
(1629633314.430000) can0  522#85F27C42
(1629633314.550000) can0  220#CD1430450104045001045
(1629633314.140000) can0  562#FB7C2AC3
(1629633314.140000) can0  682#FB7C2AC3
(1629633314.142000) can0  642#64AA1342
(1629633314.143000) can0  522#EBD7D42
(1629633314.240000) can0  682#FB7C2AC3
(1629633314.240000) can0  562#FB7C2AC3
(1629633314.242000) can0  642#53EA1342
(1629633314.243000) can0  522#B8BB7C42
(1629633314.252000) can0  200#00C47008470706A4A
(1629633314.252000) can0  240#3353C2440000
(1629633314.318000) can0  220#CD1430450104045001045
(1629633314.340000) can0  682#FB7C2AC3
(1629633314.340000) can0  562#FB7C2AC3
(1629633314.341000) can0  642#CAC51342
(1629633314.342000) can0  522#96B27C42
(1629633314.439000) can0  682#FB7C2AC3
(1629633314.439000) can0  562#FB7C2AC3
(1629633314.441000) can0  642#86B31342
(1629633314.442000) can0  522#B8BB7C42
(1629633314.515000) can0  200#00C47008470746A4A
(1629633314.515000) can0  240#3353C2440000
(1629633314.539000) can0  682#FB7C2AC3
(1629633314.539000) can0  562#FB7C2AC3
(1629633314.541000) can0  642#FD81342
(1629633314.542000) can0  522#FCCD7C42
(1629633314.581000) can0  220#CD1430450104045001045
(1629633314.639000) can0  682#FB7C2AC3
(1629633314.639000) can0  562#FB7C2AC3
(1629633314.641000) can0  642#ECCE1342
(1629633314.642000) can0  522#1ED77C42
(1629633314.739000) can0  682#FB7C2AC3
(1629633314.739000) can0  562#FB7C2AC3
(1629633314.741000) can0  642#53EA1342
(1629633314.742000) can0  522#EB847C42
(1629633314.778000) can0  200#00C47008470786A4A
(1629633314.778000) can0  240#CD4CC2440000
(1629633314.839000) can0  682#FB7C2AC3
(1629633314.839000) can0  562#FB7C2AC3
(1629633314.841000) can0  642#B951442
(1629633314.842000) can0  522#30977C42
(1629633314.844000) can0  220#CD1430450104045001045
(1629633314.938000) can0  682#FB7C2AC3
(1629633314.938000) can0  562#FB7C2AC3
(1629633314.940000) can0  642#ECCE1342
(1629633314.941000) can0  522#85697C42
(1629633315.380000) can0  682#FB7C2AC3
(1629633315.380000) can0  562#FB7C2AC3
(1629633315.400000) can0  642#31E11342
(1629633315.410000) can0  200#00C47008470786A4A
(1629633315.410000) can0  240#3353C2440000
(1629633315.410000) can0  522#A7727C42
(1629633315.106000) can0  220#CD1430450104045001045
(1629633315.138000) can0  682#FB7C2AC3
(1629633315.138000) can0  562#FB7C2AC3
(1629633315.140000) can0  642#FD81342
(1629633315.141000) can0  522#30977C42
(1629633315.238000) can0  562#FB7C2AC3
(1629633315.238000) can0  682#FB7C2AC3
(1629633315.240000) can0  642#CAC51342
(1629633315.241000) can0  522#A7727C42
(1629633315.303000) can0  200#00C470084707C6A4A
(1629633315.304000) can0  240#3353C2440000
(1629633315.338000) can0  682#FB7C2AC3
(1629633315.338000) can0  562#FB7C2AC3
(1629633315.340000) can0  642#75F31342
(1629633315.350000) can0  522#63607C42
(1629633315.370000) can0  220#CD1430450104045001045
(1629633315.438000) can0  682#FB7C2AC3
(1629633315.438000) can0  562#FB7C2AC3
(1629633315.440000) can0  642#31E11342
(1629633315.441000) can0  522#FD447C42
(1629633315.538000) can0  682#FB7C2AC3
(1629633315.538000) can0  562#FB7C2AC3
(1629633315.540000) can0  642#A8BC1342
(1629633315.541000) can0  522#63607C42
(1629633315.566000) can0  200#00C47008470806A4A
(1629633315.566000) can0  240#CD4CC2440000
(1629633315.632000) can0  220#CD1430450104045001045
(1629633315.637000) can0  682#FB7C2AC3
(1629633315.637000) can0  562#FB7C2AC3
(1629633315.640000) can0  642#53EA1342
(1629633315.640000) can0  522#41577C42
(1629633315.737000) can0  682#FB7C2AC3
(1629633315.737000) can0  562#FB7C2AC3
(1629633315.740000) can0  642#FD81342
(1629633315.740000) can0  522#B8327C42
(1629633315.829000) can0  200#00C47008470806A4A
(1629633315.829000) can0  240#3353C2440000
(1629633315.837000) can0  682#FB7C2AC3
(1629633315.837000) can0  562#FB7C2AC3
(1629633315.839000) can0  642#A8BC1342
(1629633315.840000) can0  522#1F4E7C42
(1629633315.895000) can0  220#CD1430450104045001045
(1629633315.937000) can0  682#FB7C2AC3
(1629633315.937000) can0  562#FB7C2AC3
(1629633315.939000) can0  642#75F31342
(1629633315.940000) can0  522#FD447C42
(1629633316.370000) can0  682#FB7C2AC3
(1629633316.370000) can0  562#FB7C2AC3
(1629633316.390000) can0  642#A8BC1342
(1629633316.400000) can0  522#30E7C42
(1629633316.920000) can0  200#00C47008470846A4A
(1629633316.920000) can0  240#3353C2440000
(1629633316.137000) can0  562#FB7C2AC3
(1629633316.137000) can0  682#FB7C2AC3
(1629633316.139000) can0  642#FD81342
(1629633316.140000) can0  522#96297C42
(1629633316.158000) can0  220#CD1430450104045001045
(1629633316.236000) can0  682#FB7C2AC3
(1629633316.236000) can0  562#FB7C2AC3
(1629633316.238000) can0  642#CAC51342
(1629633316.239000) can0  522#52177C42
(1629633316.336000) can0  682#FB7C2AC3
(1629633316.336000) can0  562#FB7C2AC3
(1629633316.338000) can0  642#CAC51342
(1629633316.339000) can0  522#30E7C42
(1629633316.355000) can0  200#00C47008470886A4A
(1629633316.355000) can0  240#3353C2440000
(1629633316.420000) can0  220#CD1430450104045001045
(1629633316.436000) can0  682#FB7C2AC3
(1629633316.437000) can0  562#FB7C2AC3
(1629633316.438000) can0  642#FD81342
(1629633316.439000) can0  522#85E07B42
(1629633316.536000) can0  562#FB7C2AC3
(1629633316.536000) can0  682#FB7C2AC3
(1629633316.539000) can0  642#53EA1342
(1629633316.539000) can0  522#DBB27B42
(1629633316.617000) can0  200#00C47008470886A4A
(1629633316.618000) can0  240#3353C2440000
(1629633316.636000) can0  682#FB7C2AC3
(1629633316.636000) can0  562#FB7C2AC3
(1629633316.638000) can0  642#CAC51342
(1629633316.639000) can0  522#A8E97B42
(1629633316.683000) can0  220#CD1430450104045001045
(1629633316.737000) can0  682#FB7C2AC3
(1629633316.737000) can0  562#FB7C2AC3
(1629633316.738000) can0  642#53EA1342
(1629633316.739000) can0  522#CAF27B42
(1629633316.839000) can0  682#FB7C2AC3
(1629633316.839000) can0  562#FB7C2AC3
(1629633316.841000) can0  642#53EA1342
(1629633316.842000) can0  522#CAF27B42
(1629633316.881000) can0  200#00C470084708C6A4A
(1629633316.882000) can0  240#3353C2440000
(1629633316.935000) can0  682#FB7C2AC3
(1629633316.936000) can0  562#FB7C2AC3
(1629633316.937000) can0  642#31E11342
(1629633316.938000) can0  522#85E07B42
(1629633316.947000) can0  220#331330450104045001045
(1629633317.350000) can0  682#FB7C2AC3
(1629633317.350000) can0  562#FB7C2AC3
(1629633317.370000) can0  642#97FC1342
(1629633317.380000) can0  522#63D77B42
(1629633317.136000) can0  682#FB7C2AC3
(1629633317.136000) can0  562#FB7C2AC3
(1629633317.137000) can0  642#ECCE1342
(1629633317.138000) can0  522#FDBB7B42
(1629633317.143000) can0  200#00C47008470906A4A
(1629633317.143000) can0  240#CD4CC2440000
(1629633317.209000) can0  220#331330450104045001045
(1629633317.235000) can0  682#FB7C2AC3
(1629633317.235000) can0  562#FB7C2AC3
(1629633317.237000) can0  642#86B31342
(1629633317.238000) can0  522#DBB27B42
(1629633317.335000) can0  562#FB7C2AC3
(1629633317.335000) can0  682#FB7C2AC3
(1629633317.337000) can0  642#ECCE1342
(1629633317.338000) can0  522#B9A97B42
(1629633317.406000) can0  200#00C47008470906A4A
(1629633317.406000) can0  240#3353C2440000
(1629633317.435000) can0  682#FB7C2AC3
(1629633317.435000) can0  562#FB7C2AC3
(1629633317.437000) can0  642#FD81342
(1629633317.438000) can0  522#97A07B42
(1629633317.472000) can0  220#331330450104045001045
(1629633317.534000) can0  682#FB7C2AC3
(1629633317.534000) can0  562#FB7C2AC3
(1629633317.536000) can0  642#CAC51342
(1629633317.537000) can0  522#644E7B42
(1629633317.634000) can0  562#FB7C2AC3
(1629633317.635000) can0  682#FB7C2AC3
(1629633317.636000) can0  642#75F31342
(1629633317.637000) can0  522#CA697B42
(1629633317.669000) can0  200#00C47008470946A4A
(1629633317.669000) can0  240#3353C2440000
(1629633317.734000) can0  562#FB7C2AC3
(1629633317.734000) can0  682#FB7C2AC3
(1629633317.734000) can0  220#331330450104045001045
(1629633317.737000) can0  642#ECCE1342
(1629633317.737000) can0  522#E7C7B42
(1629633317.834000) can0  562#FB7C2AC3
(1629633317.834000) can0  682#FB7C2AC3
(1629633317.836000) can0  642#75F31342
(1629633317.837000) can0  522#644E7B42
(1629633317.931000) can0  200#00C47008470986A4A
(1629633317.931000) can0  240#CD4CC2440000
(1629633317.934000) can0  682#FB7C2AC3
(1629633317.934000) can0  562#FB7C2AC3
(1629633317.936000) can0  642#31E11342
(1629633317.937000) can0  522#203C7B42
(1629633317.997000) can0  220#331330450104045001045
(1629633318.340000) can0  682#FB7C2AC3
(1629633318.340000) can0  562#FB7C2AC3
(1629633318.360000) can0  642#31E11342
(1629633318.370000) can0  522#A8607B42
(1629633318.133000) can0  682#FB7C2AC3
(1629633318.134000) can0  562#FB7C2AC3
(1629633318.135000) can0  642#64AA1342
(1629633318.136000) can0  522#DB297B42
(1629633318.194000) can0  200#00C47008470986A4A
(1629633318.195000) can0  240#CD4CC2440000
(1629633318.233000) can0  682#FB7C2AC3
(1629633318.233000) can0  562#FB7C2AC3
(1629633318.235000) can0  642#53EA1342
(1629633318.236000) can0  522#203C7B42
(1629633318.260000) can0  220#331330450104045001045
(1629633318.333000) can0  682#FB7C2AC3
(1629633318.333000) can0  562#FB7C2AC3
(1629633318.335000) can0  642#31E11342
(1629633318.336000) can0  522#42457B42
(1629633318.433000) can0  682#FB7C2AC3
(1629633318.433000) can0  562#FB7C2AC3
(1629633318.435000) can0  642#75F31342
(1629633318.436000) can0  522#644E7B42
(1629633318.457000) can0  200#00C470084709C6A4A
(1629633318.457000) can0  240#3353C2440000
(1629633318.523000) can0  220#331330450104045001045
(1629633318.533000) can0  682#FB7C2AC3
(1629633318.533000) can0  562#FB7C2AC3
(1629633318.535000) can0  642#53EA1342
(1629633318.536000) can0  522#97177B42
(1629633318.633000) can0  682#FB7C2AC3
(1629633318.633000) can0  562#FB7C2AC3
(1629633318.635000) can0  642#75F31342
(1629633318.636000) can0  522#5357B42
(1629633318.721000) can0  200#00C47008470A06A4A
(1629633318.721000) can0  240#3353C2440000
(1629633318.732000) can0  682#FB7C2AC3
(1629633318.733000) can0  562#FB7C2AC3
(1629633318.734000) can0  642#31E11342
(1629633318.736000) can0  522#EDE97A42
(1629633318.785000) can0  220#331330450104045001045
(1629633318.832000) can0  682#FB7C2AC3
(1629633318.833000) can0  562#FB7C2AC3
(1629633318.834000) can0  642#CAC51342
(1629633318.835000) can0  522#31FC7A42
(1629633318.932000) can0  562#FB7C2AC3
(1629633318.932000) can0  682#FB7C2AC3
(1629633318.934000) can0  642#FD81342
(1629633318.935000) can0  522#FF37A42
(1629633318.982000) can0  200#00C47008470A06A4A
(1629633318.983000) can0  240#3353C2440000
(1629633319.320000) can0  562#FB7C2AC3
(1629633319.320000) can0  682#FB7C2AC3
(1629633319.340000) can0  642#A8BC1342
(1629633319.350000) can0  522#97177B42
(1629633319.480000) can0  220#331330450104045001045
(1629633319.132000) can0  682#FB7C2AC3
(1629633319.132000) can0  562#FB7C2AC3
(1629633319.134000) can0  642#53EA1342
(1629633319.135000) can0  522#5357B42
(1629633319.232000) can0  682#FB7C2AC3
(1629633319.232000) can0  562#FB7C2AC3
(1629633319.234000) can0  642#FD171442
(1629633319.235000) can0  522#CBE07A42
(1629633319.245000) can0  200#00C47008470A46A4A
(1629633319.246000) can0  240#CD4CC2440000
(1629633319.311000) can0  220#331330450104045001045
(1629633319.332000) can0  682#FB7C2AC3
(1629633319.332000) can0  562#FB7C2AC3
(1629633319.334000) can0  642#75F31342
(1629633319.335000) can0  522#42BC7A42
(1629633319.431000) can0  682#FB7C2AC3
(1629633319.431000) can0  562#FB7C2AC3
(1629633319.433000) can0  642#53EA1342
(1629633319.434000) can0  522#42BC7A42
(1629633319.508000) can0  200#00C47008470A46A4A
(1629633319.508000) can0  240#3353C2440000
(1629633319.531000) can0  682#FB7C2AC3
(1629633319.531000) can0  562#FB7C2AC3
(1629633319.533000) can0  642#B951442
(1629633319.534000) can0  522#FEA97A42
(1629633319.574000) can0  220#331330450104045001045
(1629633319.631000) can0  682#FB7C2AC3
(1629633319.631000) can0  562#FB7C2AC3
(1629633319.633000) can0  642#75F31342
(1629633319.634000) can0  522#64C57A42
(1629633319.731000) can0  682#FB7C2AC3
(1629633319.731000) can0  562#FB7C2AC3
(1629633319.733000) can0  642#53EA1342
(1629633319.734000) can0  522#76857A42
(1629633319.771000) can0  200#00C47008470A86A4A
(1629633319.771000) can0  240#3353C2440000
(1629633319.831000) can0  682#FB7C2AC3
(1629633319.831000) can0  562#FB7C2AC3
(1629633319.833000) can0  642#53EA1342
(1629633319.834000) can0  522#BA977A42
(1629633319.836000) can0  220#3313304566E4045001045
(1629633319.931000) can0  682#FB7C2AC3
(1629633319.931000) can0  562#FB7C2AC3
(1629633319.932000) can0  642#FD81342
(1629633319.933000) can0  522#537C7A42
(1629633320.300000) can0  682#FB7C2AC3
(1629633320.300000) can0  562#FB7C2AC3
(1629633320.320000) can0  642#ECCE1342
(1629633320.330000) can0  522#20B37A42
(1629633320.330000) can0  200#00C47008470AC6A4A
(1629633320.340000) can0  240#3353C2440000
(1629633320.990000) can0  220#3313304566E4045001045
(1629633320.130000) can0  682#FB7C2AC3
(1629633320.130000) can0  562#FB7C2AC3
(1629633320.132000) can0  642#97FC1342
(1629633320.133000) can0  522#F6A7A42
(1629633320.230000) can0  682#FB7C2AC3
(1629633320.230000) can0  562#FB7C2AC3
(1629633320.232000) can0  642#75F31342
(1629633320.233000) can0  522#76857A42
(1629633320.296000) can0  200#00C47008470AC6A4A
(1629633320.296000) can0  240#3353C2440000
(1629633320.330000) can0  682#FB7C2AC3
(1629633320.330000) can0  562#FB7C2AC3
(1629633320.332000) can0  642#ECCE1342
(1629633320.333000) can0  522#76857A42
(1629633320.362000) can0  220#3313304566E4045001045
(1629633320.430000) can0  682#FB7C2AC3
(1629633320.430000) can0  562#FB7C2AC3
(1629633320.432000) can0  642#75F31342
(1629633320.433000) can0  522#CB577A42
(1629633320.530000) can0  682#FB7C2AC3
(1629633320.530000) can0  562#FB7C2AC3
(1629633320.532000) can0  642#53EA1342
(1629633320.533000) can0  522#CB577A42
(1629633320.559000) can0  200#00C47008470B06A4A
(1629633320.559000) can0  240#3353C2440000
(1629633320.625000) can0  220#3313304566E4045001045
(1629633320.629000) can0  682#FB7C2AC3
(1629633320.629000) can0  562#FB7C2AC3
(1629633320.631000) can0  642#53EA1342
(1629633320.632000) can0  522#87457A42
(1629633320.729000) can0  562#FB7C2AC3
(1629633320.729000) can0  682#FB7C2AC3
(1629633320.731000) can0  642#B951442
(1629633320.732000) can0  522#212A7A42
(1629633320.822000) can0  200#00C47008470B06A4A
(1629633320.822000) can0  240#3353C2440000
(1629633320.829000) can0  682#FB7C2AC3
(1629633320.829000) can0  562#FB7C2AC3
(1629633320.831000) can0  642#97FC1342
(1629633320.832000) can0  522#43337A42
(1629633320.888000) can0  220#3313304566E4045001045
(1629633320.929000) can0  682#FB7C2AC3
(1629633320.929000) can0  562#FB7C2AC3
(1629633320.931000) can0  642#97FC1342
(1629633320.932000) can0  522#FE207A42
(1629633321.290000) can0  682#FB7C2AC3
(1629633321.290000) can0  562#FB7C2AC3
(1629633321.310000) can0  642#53EA1342
(1629633321.320000) can0  522#87457A42
(1629633321.850000) can0  200#00C47008470B46A4A
(1629633321.850000) can0  240#CD4CC2440000
(1629633321.129000) can0  682#FB7C2AC3
(1629633321.129000) can0  562#FB7C2AC3
(1629633321.131000) can0  642#97FC1342
(1629633321.132000) can0  522#DC177A42
(1629633321.150000) can0  220#3313304566E4045001045
(1629633321.228000) can0  682#FB7C2AC3
(1629633321.229000) can0  562#FB7C2AC3
(1629633321.230000) can0  642#97FC1342
(1629633321.231000) can0  522#76FC7942
(1629633321.328000) can0  682#FB7C2AC3
(1629633321.328000) can0  562#FB7C2AC3
(1629633321.330000) can0  642#53EA1342
(1629633321.331000) can0  522#212A7A42
(1629633321.347000) can0  200#00C47008470B86A4A
(1629633321.348000) can0  240#3353C2440000
(1629633321.413000) can0  220#3313304566E4045001045
(1629633321.428000) can0  682#FB7C2AC3
(1629633321.428000) can0  562#FB7C2AC3
(1629633321.430000) can0  642#B951442
(1629633321.431000) can0  522#76FC7942
(1629633321.528000) can0  682#FB7C2AC3
(1629633321.528000) can0  562#FB7C2AC3
(1629633321.530000) can0  642#FD81342
(1629633321.531000) can0  522#EED77942
(1629633321.610000) can0  240#3353C2440000
(1629633321.610000) can0  200#00C47008470B86A4A
(1629633321.628000) can0  562#FB7C2AC3
(1629633321.628000) can0  682#FB7C2AC3
(1629633321.630000) can0  642#412A1442
(1629633321.631000) can0  522#DC177A42
(1629633321.676000) can0  220#3313304566E4045001045
(1629633321.728000) can0  562#FB7C2AC3
(1629633321.728000) can0  682#FB7C2AC3
(1629633321.730000) can0  642#97FC1342
(1629633321.731000) can0  522#54F37942
(1629633321.828000) can0  682#FB7C2AC3
(1629633321.828000) can0  562#FB7C2AC3
(1629633321.830000) can0  642#75F31342
(1629633321.830000) can0  522#CBCE7942
(1629633321.873000) can0  200#00C47008470BC6A4A
(1629633321.873000) can0  240#3353C2440000
(1629633321.927000) can0  562#FB7C2AC3
(1629633321.927000) can0  682#FB7C2AC3
(1629633321.929000) can0  642#FD171442
(1629633321.930000) can0  522#87BC7942
(1629633321.939000) can0  220#3313304566E4045001045
(1629633322.270000) can0  682#FB7C2AC3
(1629633322.270000) can0  562#FB7C2AC3
(1629633322.290000) can0  642#97FC1342
(1629633322.300000) can0  522#87BC7942
(1629633322.128000) can0  562#FB7C2AC3
(1629633322.128000) can0  682#FB7C2AC3
(1629633322.129000) can0  642#53EA1342
(1629633322.130000) can0  522#EED77942
(1629633322.137000) can0  200#00C47008470BC6A4A
(1629633322.137000) can0  240#3353C2440000
(1629633322.201000) can0  220#3313304566E4045001045
(1629633322.227000) can0  682#FB7C2AC3
(1629633322.227000) can0  562#FB7C2AC3
(1629633322.229000) can0  642#B951442
(1629633322.230000) can0  522#A9C57942
(1629633322.327000) can0  682#FB7C2AC3
(1629633322.327000) can0  562#FB7C2AC3
(1629633322.329000) can0  642#FD81342
(1629633322.330000) can0  522#FF977942
(1629633322.398000) can0  200#00C47008470C06A4A
(1629633322.399000) can0  240#CD4CC2440000
(1629633322.427000) can0  682#FB7C2AC3
(1629633322.427000) can0  562#FB7C2AC3
(1629633322.429000) can0  642#75F31342
(1629633322.430000) can0  522#65B37942
(1629633322.464000) can0  220#3313304566E4045001045
(1629633322.526000) can0  682#FB7C2AC3
(1629633322.527000) can0  562#FB7C2AC3
(1629633322.528000) can0  642#DBE1442
(1629633322.530000) can0  522#EED77942
(1629633322.627000) can0  682#FB7C2AC3
(1629633322.627000) can0  562#FB7C2AC3
(1629633322.629000) can0  642#75F31342
(1629633322.629000) can0  522#BB857942
(1629633322.661000) can0  240#3353C2440000
(1629633322.662000) can0  200#00C47008470C46A4A
(1629633322.726000) can0  682#FB7C2AC3
(1629633322.727000) can0  562#FB7C2AC3
(1629633322.727000) can0  220#3313304566E4045001045
(1629633322.729000) can0  642#412A1442
(1629633322.729000) can0  522#BB857942
(1629633322.826000) can0  682#FB7C2AC3
(1629633322.826000) can0  562#FB7C2AC3
(1629633322.828000) can0  642#B951442
(1629633322.829000) can0  522#FF977942
(1629633322.924000) can0  240#3353C2440000
(1629633322.925000) can0  200#00C47008470C46A4A
(1629633322.926000) can0  682#FB7C2AC3
(1629633322.926000) can0  562#FB7C2AC3
(1629633322.928000) can0  642#75F31342
(1629633322.929000) can0  522#546A7942
(1629633322.990000) can0  220#3313304566E4045001045
(1629633323.280000) can0  562#FB7C2AC3
(1629633323.280000) can0  682#FB7C2AC3
(1629633323.290000) can0  642#75F31342
(1629633323.290000) can0  522#21A17942
(1629633323.126000) can0  682#FB7C2AC3
(1629633323.126000) can0  562#FB7C2AC3
(1629633323.128000) can0  642#DBE1442
(1629633323.129000) can0  522#76737942
(1629633323.187000) can0  200#00C47008470C86A4A
(1629633323.187000) can0  240#CD4CC2440000
(1629633323.225000) can0  682#FB7C2AC3
(1629633323.226000) can0  562#FB7C2AC3
(1629633323.228000) can0  642#FD81342
(1629633323.229000) can0  522#BB857942
(1629633323.253000) can0  220#3313304566E4045001045
(1629633323.326000) can0  682#FB7C2AC3
(1629633323.326000) can0  562#FB7C2AC3
(1629633323.327000) can0  642#B951442
(1629633323.328000) can0  522#DD8E7942
(1629633323.426000) can0  562#FB7C2AC3
(1629633323.426000) can0  682#FB7C2AC3
(1629633323.428000) can0  642#B951442
(1629633323.429000) can0  522#546A7942
(1629633323.450000) can0  200#00C47008470C86A4A
(1629633323.450000) can0  240#CD4CC2440000
(1629633323.515000) can0  220#9A11304566E4045001045
(1629633323.525000) can0  562#FB7C2AC3
(1629633323.525000) can0  682#FB7C2AC3
(1629633323.527000) can0  642#DBE1442
(1629633323.528000) can0  522#CC457942
(1629633323.625000) can0  682#FB7C2AC3
(1629633323.625000) can0  562#FB7C2AC3
(1629633323.627000) can0  642#97FC1342
(1629633323.628000) can0  522#CC457942
(1629633323.712000) can0  200#00C47008470CC6A4A
(1629633323.713000) can0  240#3353C2440000
(1629633323.725000) can0  682#FB7C2AC3
(1629633323.725000) can0  562#FB7C2AC3
(1629633323.727000) can0  642#53EA1342
(1629633323.728000) can0  522#CC457942
(1629633323.778000) can0  220#9A11304566E4045001045
(1629633323.824000) can0  682#FB7C2AC3
(1629633323.825000) can0  562#FB7C2AC3
(1629633323.827000) can0  642#FD171442
(1629633323.827000) can0  522#21187942
(1629633323.924000) can0  562#FB7C2AC3
(1629633323.925000) can0  682#FB7C2AC3
(1629633323.926000) can0  642#75F31342
(1629633323.927000) can0  522#AA3C7942
(1629633323.975000) can0  200#00C47008470CC6A4A
(1629633323.976000) can0  240#3353C2440000
(1629633324.240000) can0  562#FB7C2AC3
(1629633324.250000) can0  682#FB7C2AC3
(1629633324.260000) can0  642#97FC1342
(1629633324.270000) can0  522#FFE7942
(1629633324.410000) can0  220#9A11304566E4045001045
(1629633324.124000) can0  562#FB7C2AC3
(1629633324.124000) can0  682#FB7C2AC3
(1629633324.126000) can0  642#97FC1342
(1629633324.127000) can0  522#43217942
(1629633324.224000) can0  682#FB7C2AC3
(1629633324.224000) can0  562#FB7C2AC3
(1629633324.226000) can0  642#B951442
(1629633324.227000) can0  522#43217942
(1629633324.238000) can0  200#00C47008470D06A4A
(1629633324.238000) can0  240#3353C2440000
(1629633324.304000) can0  220#9A113045CDC4045001045
(1629633324.324000) can0  562#FB7C2AC3
(1629633324.324000) can0  682#FB7C2AC3
(1629633324.326000) can0  642#412A1442
(1629633324.327000) can0  522#88337942
(1629633324.424000) can0  682#FB7C2AC3
(1629633324.424000) can0  562#FB7C2AC3
(1629633324.426000) can0  642#53EA1342
(1629633324.427000) can0  522#99F37842
(1629633324.501000) can0  200#00C47008470D46A4A
(1629633324.501000) can0  240#3353C2440000
(1629633324.523000) can0  562#FB7C2AC3
(1629633324.524000) can0  682#FB7C2AC3
(1629633324.525000) can0  642#B951442
(1629633324.526000) can0  522#DD57942
(1629633324.567000) can0  220#9A113045CDC4045001045
(1629633324.624000) can0  682#FB7C2AC3
(1629633324.625000) can0  642#75F31342
(1629633324.626000) can0  522#21187942
(1629633324.723000) can0  562#FB7C2AC3
(1629633324.724000) can0  682#FB7C2AC3
(1629633324.725000) can0  642#97FC1342
(1629633324.726000) can0  522#11CF7842
(1629633324.764000) can0  200#00C47008470D46A4A
(1629633324.764000) can0  240#CD4CC2440000
(1629633324.823000) can0  562#FB7C2AC3
(1629633324.823000) can0  682#FB7C2AC3
(1629633324.825000) can0  642#97FC1342
(1629633324.826000) can0  522#33D87842
(1629633324.829000) can0  220#9A113045CDC4045001045
(1629633324.923000) can0  562#FB7C2AC3
(1629633324.923000) can0  682#FB7C2AC3
(1629633324.925000) can0  642#DBE1442
(1629633324.926000) can0  522#11CF7842
(1629633325.220000) can0  682#FB7C2AC3
(1629633325.230000) can0  562#FB7C2AC3
(1629633325.240000) can0  642#B951442
(1629633325.250000) can0  522#55E17842
(1629633325.260000) can0  200#00C47008470D86A4A
(1629633325.260000) can0  240#CD4CC2440000
(1629633325.920000) can0  220#9A113045CDC4045001045
(1629633325.122000) can0  682#FB7C2AC3
(1629633325.123000) can0  562#FB7C2AC3
(1629633325.124000) can0  642#53EA1342
(1629633325.125000) can0  522#55E17842
(1629633325.222000) can0  682#FB7C2AC3
(1629633325.222000) can0  562#FB7C2AC3
(1629633325.224000) can0  642#FD171442
(1629633325.225000) can0  522#AAB37842
(1629633325.289000) can0  200#00C47008470D86A4A
(1629633325.289000) can0  240#3353C2440000